<?xml version="1.0" encoding="UTF-8"?>
<!-- Generated by org.testng.reporters.JUnitReportReporter -->
<testsuite hostname="DESKTOP-A0EP5CS" failures="0" tests="3" name="com.example.AppTest" time="66.462" errors="0" timestamp="2024-04-25T14:23:56 IST" skipped="0">
  <testcase classname="com.example.AppTest" name="testCase1" time="13.718"/>
  <testcase classname="com.example.AppTest" name="testCase2" time="25.771"/>
  <testcase classname="com.example.AppTest" name="testCase3" time="26.973"/>
</testsuite> <!-- com.example.AppTest -->
